2022-09-13 14:47:45,080 INFO o.a.j.u.JMeterUtils: Setting Locale to en_EN
2022-09-13 14:47:45,106 INFO o.a.j.JMeter: Loading user properties from: C:\Users\003HEU744\Downloads\apache-jmeter-5.5\apache-jmeter-5.5\bin\user.properties
2022-09-13 14:47:45,107 INFO o.a.j.JMeter: Loading system properties from: C:\Users\003HEU744\Downloads\apache-jmeter-5.5\apache-jmeter-5.5\bin\system.properties
2022-09-13 14:47:45,127 INFO o.a.j.JMeter: Copyright (c) 1998-2022 The Apache Software Foundation
2022-09-13 14:47:45,127 INFO o.a.j.JMeter: Version 5.5
2022-09-13 14:47:45,127 INFO o.a.j.JMeter: java.version=1.8.0_341
2022-09-13 14:47:45,128 INFO o.a.j.JMeter: java.vm.name=Java HotSpot(TM) 64-Bit Server VM
2022-09-13 14:47:45,128 INFO o.a.j.JMeter: os.name=Windows 10
2022-09-13 14:47:45,128 INFO o.a.j.JMeter: os.arch=amd64
2022-09-13 14:47:45,128 INFO o.a.j.JMeter: os.version=10.0
2022-09-13 14:47:45,128 INFO o.a.j.JMeter: file.encoding=Cp1252
2022-09-13 14:47:45,128 INFO o.a.j.JMeter: java.awt.headless=true
2022-09-13 14:47:45,128 INFO o.a.j.JMeter: Max memory     =1073741824
2022-09-13 14:47:45,128 INFO o.a.j.JMeter: Available Processors =8
2022-09-13 14:47:45,135 INFO o.a.j.JMeter: Default Locale=English (EN)
2022-09-13 14:47:45,136 INFO o.a.j.JMeter: JMeter  Locale=English (EN)
2022-09-13 14:47:45,136 INFO o.a.j.JMeter: JMeterHome=C:\Users\003HEU744\Downloads\apache-jmeter-5.5\apache-jmeter-5.5
2022-09-13 14:47:45,136 INFO o.a.j.JMeter: user.dir  =C:\Users\003HEU744\Desktop\SDET_Jmeter_Assignment
2022-09-13 14:47:45,138 INFO o.a.j.JMeter: PWD       =C:\Users\003HEU744\Desktop\SDET_Jmeter_Assignment
2022-09-13 14:47:45,139 INFO o.a.j.JMeter: IP: 192.168.35.69 Name: IBM-PF34902F FullName: IBM-PF34902F
2022-09-13 14:47:45,161 INFO o.a.j.JMeter: Setting property 'jmeter.reportgenerator.outputdir' to:'C:\Users\003HEU744\Desktop\SDET_Jmeter_Assignment\jmeter_html_report'
2022-09-13 14:47:45,168 INFO o.a.j.r.d.ReportGenerator: ReportGenerator will use for Parsing the separator: ','
2022-09-13 14:47:45,169 INFO o.a.j.r.d.ReportGenerator: Will only generate report from results file: SDET_Jmeter_Assignment_Report.jtl
2022-09-13 14:47:45,169 INFO o.a.j.r.d.ReportGenerator: Reading report generator properties from: C:\Users\003BEM744\Downloads\apache-jmeter-5.5\apache-jmeter-5.5\bin\reportgenerator.properties
2022-09-13 14:47:45,171 INFO o.a.j.r.d.ReportGenerator: Merging with JMeter properties
2022-09-13 14:47:45,180 INFO o.a.j.r.c.ReportGeneratorConfiguration: Property 'jmeter.reportgenerator.temp_dir' not found, using default value 'temp' instead.
2022-09-13 14:47:45,186 INFO o.a.j.r.c.ReportGeneratorConfiguration: Property 'jmeter.reportgenerator.apdex_per_transaction' not found, using default value 'null' instead.
2022-09-13 14:47:45,198 INFO o.a.j.r.c.ReportGeneratorConfiguration: apdex_per_transaction is empty, not APDEX per transaction customization
2022-09-13 14:47:45,199 INFO o.a.j.r.c.ReportGeneratorConfiguration: Property 'jmeter.reportgenerator.sample_filter' not found, using default value 'null' instead.
2022-09-13 14:47:45,199 INFO o.a.j.r.c.ReportGeneratorConfiguration: Property 'jmeter.reportgenerator.report_title' not found, using default value 'null' instead.
2022-09-13 14:47:45,199 INFO o.a.j.r.c.ReportGeneratorConfiguration: Property 'jmeter.reportgenerator.start_date' not found, using default value 'null' instead.
2022-09-13 14:47:45,199 INFO o.a.j.r.c.ReportGeneratorConfiguration: Property 'jmeter.reportgenerator.end_date' not found, using default value 'null' instead.
2022-09-13 14:47:45,199 INFO o.a.j.r.c.ReportGeneratorConfiguration: Property 'jmeter.reportgenerator.date_format' not found, using default value 'null' instead.
2022-09-13 14:47:45,203 INFO o.a.j.r.c.ReportGeneratorConfiguration: Will use date range start date: null, end date: null
2022-09-13 14:47:45,211 INFO o.a.j.r.c.ReportGeneratorConfiguration: Property 'jmeter.reportgenerator.graph.totalTPS.exclude_controllers' not found, using default value 'false' instead.
2022-09-13 14:47:45,211 INFO o.a.j.r.c.ReportGeneratorConfiguration: Property 'jmeter.reportgenerator.graph.activeThreadsOverTime.exclude_controllers' not found, using default value 'false' instead.
2022-09-13 14:47:45,211 INFO o.a.j.r.c.ReportGeneratorConfiguration: Property 'jmeter.reportgenerator.graph.timeVsThreads.exclude_controllers' not found, using default value 'false' instead.
2022-09-13 14:47:45,212 INFO o.a.j.r.c.ReportGeneratorConfiguration: Property 'jmeter.reportgenerator.graph.responseTimeDistribution.exclude_controllers' not found, using default value 'false' instead.
2022-09-13 14:47:45,212 INFO o.a.j.r.c.ReportGeneratorConfiguration: Property 'jmeter.reportgenerator.graph.transactionsPerSecond.exclude_controllers' not found, using default value 'false' instead.
2022-09-13 14:47:45,212 INFO o.a.j.r.c.ReportGeneratorConfiguration: Property 'jmeter.reportgenerator.graph.responseTimePercentiles.exclude_controllers' not found, using default value 'false' instead.
2022-09-13 14:47:45,212 INFO o.a.j.r.c.ReportGeneratorConfiguration: Property 'jmeter.reportgenerator.graph.responseTimePercentilesOverTime.exclude_controllers' not found, using default value 'false' instead.
2022-09-13 14:47:45,212 INFO o.a.j.r.c.ReportGeneratorConfiguration: Property 'jmeter.reportgenerator.graph.responseTimesOverTime.exclude_controllers' not found, using default value 'false' instead.
2022-09-13 14:47:45,213 INFO o.a.j.r.c.ReportGeneratorConfiguration: Property 'jmeter.reportgenerator.graph.connectTimeOverTime.exclude_controllers' not found, using default value 'false' instead.
2022-09-13 14:47:45,213 INFO o.a.j.r.c.ReportGeneratorConfiguration: Property 'jmeter.reportgenerator.graph.latenciesOverTime.exclude_controllers' not found, using default value 'false' instead.
2022-09-13 14:47:45,214 INFO o.a.j.r.c.ReportGeneratorConfiguration: Property 'jmeter.reportgenerator.exporter.json.filters_only_sample_series' not found, using default value 'true' instead.
2022-09-13 14:47:45,215 INFO o.a.j.r.c.ReportGeneratorConfiguration: Property 'jmeter.reportgenerator.exporter.json.series_filter' not found, using default value '' instead.
2022-09-13 14:47:45,215 INFO o.a.j.r.c.ReportGeneratorConfiguration: Property 'jmeter.reportgenerator.exporter.json.show_controllers_only' not found, using default value 'false' instead.
2022-09-13 14:47:45,215 INFO o.a.j.r.c.ReportGeneratorConfiguration: Property 'jmeter.reportgenerator.exporter.html.filters_only_sample_series' not found, using default value 'true' instead.
2022-09-13 14:47:45,216 INFO o.a.j.r.c.ReportGeneratorConfiguration: Property 'jmeter.reportgenerator.exporter.html.series_filter' not found, using default value '' instead.
2022-09-13 14:47:45,216 INFO o.a.j.r.c.ReportGeneratorConfiguration: Property 'jmeter.reportgenerator.exporter.html.show_controllers_only' not found, using default value 'false' instead.
2022-09-13 14:47:45,424 INFO o.a.j.s.SaveService: Testplan (JMX) version: 2.2. Testlog (JTL) version: 2.2
2022-09-13 14:47:45,446 INFO o.a.j.s.SaveService: Using SaveService properties file encoding UTF-8
2022-09-13 14:47:45,452 INFO o.a.j.s.SaveService: Using SaveService properties version 5.0
2022-09-13 14:47:45,482 INFO o.a.j.r.p.NormalizerSampleConsumer: Using format, 'ms', to parse timeStamp field
2022-09-13 14:47:46,206 INFO o.a.j.r.p.AbstractSampleConsumer: class org.apache.jmeter.report.processor.AggregateConsumer#stopProducing(): beginDate produced 0 samples
2022-09-13 14:47:46,206 INFO o.a.j.r.p.AbstractSampleConsumer: class org.apache.jmeter.report.processor.AggregateConsumer#stopProducing(): endDate produced 0 samples
2022-09-13 14:47:46,211 INFO o.a.j.r.p.AbstractSampleConsumer: class org.apache.jmeter.report.processor.ApdexSummaryConsumer#stopProducing(): apdexSummary produced 0 samples
2022-09-13 14:47:46,211 INFO o.a.j.r.p.AbstractSampleConsumer: class org.apache.jmeter.report.processor.RequestsSummaryConsumer#stopProducing(): requestsSummary produced 0 samples
2022-09-13 14:47:46,233 INFO o.a.j.r.p.AbstractSampleConsumer: class org.apache.jmeter.report.processor.StatisticsSummaryConsumer#stopProducing(): statisticsSummary produced 0 samples
2022-09-13 14:47:46,242 INFO o.a.j.r.p.AbstractSampleConsumer: class org.apache.jmeter.report.processor.Top5ErrorsBySamplerConsumer#stopProducing(): top5ErrorsBySampler produced 0 samples
2022-09-13 14:47:46,242 INFO o.a.j.r.p.AbstractSampleConsumer: class org.apache.jmeter.report.processor.ErrorsSummaryConsumer#stopProducing(): errorsSummary produced 0 samples
2022-09-13 14:47:46,242 INFO o.a.j.r.p.AbstractSampleConsumer: class org.apache.jmeter.report.processor.graph.impl.HitsPerSecondGraphConsumer#stopProducing(): hitsPerSecond produced 0 samples
2022-09-13 14:47:46,279 INFO o.a.j.r.p.AbstractSampleConsumer: class org.apache.jmeter.report.processor.graph.impl.LatencyVSRequestGraphConsumer#stopProducing(): latencyVsRequest produced 0 samples
2022-09-13 14:47:46,279 INFO o.a.j.r.p.AbstractSampleConsumer: class org.apache.jmeter.report.processor.graph.impl.SyntheticResponseTimeDistributionGraphConsumer#stopProducing(): syntheticResponseTimeDistribution produced 0 samples
2022-09-13 14:47:46,280 INFO o.a.j.r.p.AbstractSampleConsumer: class org.apache.jmeter.report.processor.graph.impl.BytesThroughputGraphConsumer#stopProducing(): bytesThroughputOverTime produced 0 samples
2022-09-13 14:47:46,280 INFO o.a.j.r.p.AbstractSampleConsumer: class org.apache.jmeter.report.processor.graph.impl.CodesPerSecondGraphConsumer#stopProducing(): codesPerSecond produced 0 samples
2022-09-13 14:47:46,298 INFO o.a.j.r.p.AbstractSampleConsumer: class org.apache.jmeter.report.processor.graph.impl.ResponseTimeVSRequestGraphConsumer#stopProducing(): responseTimeVsRequest produced 0 samples
2022-09-13 14:47:46,299 INFO o.a.j.r.p.AbstractSampleConsumer: class org.apache.jmeter.report.processor.FilterConsumer#stopProducing(): startIntervalControlerFilter produced 1603 samples
2022-09-13 14:47:46,299 INFO o.a.j.r.p.AbstractSampleConsumer: class org.apache.jmeter.report.processor.graph.impl.TotalTPSGraphConsumer#stopProducing(): totalTPS produced 0 samples
2022-09-13 14:47:46,299 INFO o.a.j.r.p.AbstractSampleConsumer: class org.apache.jmeter.report.processor.graph.impl.ActiveThreadsGraphConsumer#stopProducing(): activeThreadsOverTime produced 0 samples
2022-09-13 14:47:46,300 INFO o.a.j.r.p.AbstractSampleConsumer: class org.apache.jmeter.report.processor.graph.impl.TimeVSThreadGraphConsumer#stopProducing(): timeVsThreads produced 0 samples
2022-09-13 14:47:46,305 INFO o.a.j.r.p.AbstractSampleConsumer: class org.apache.jmeter.report.processor.graph.impl.ResponseTimeDistributionGraphConsumer#stopProducing(): responseTimeDistribution produced 0 samples
2022-09-13 14:47:46,307 INFO o.a.j.r.p.AbstractSampleConsumer: class org.apache.jmeter.report.processor.graph.impl.TransactionsPerSecondGraphConsumer#stopProducing(): transactionsPerSecond produced 0 samples
2022-09-13 14:47:46,308 INFO o.a.j.r.p.AbstractSampleConsumer: class org.apache.jmeter.report.processor.graph.impl.ResponseTimePercentilesGraphConsumer#stopProducing(): responseTimePercentiles produced 0 samples
2022-09-13 14:47:46,333 INFO o.a.j.r.p.AbstractSampleConsumer: class org.apache.jmeter.report.processor.graph.impl.ResponseTimePercentilesOverTimeGraphConsumer#stopProducing(): responseTimePercentilesOverTime produced 0 samples
2022-09-13 14:47:46,334 INFO o.a.j.r.p.AbstractSampleConsumer: class org.apache.jmeter.report.processor.graph.impl.ResponseTimeOverTimeGraphConsumer#stopProducing(): responseTimesOverTime produced 0 samples
2022-09-13 14:47:46,335 INFO o.a.j.r.p.AbstractSampleConsumer: class org.apache.jmeter.report.processor.graph.impl.ConnectTimeOverTimeGraphConsumer#stopProducing(): connectTimeOverTime produced 0 samples
2022-09-13 14:47:46,335 INFO o.a.j.r.p.AbstractSampleConsumer: class org.apache.jmeter.report.processor.graph.impl.LatencyOverTimeGraphConsumer#stopProducing(): latenciesOverTime produced 0 samples
2022-09-13 14:47:46,337 INFO o.a.j.r.p.AbstractSampleConsumer: class org.apache.jmeter.report.processor.FilterConsumer#stopProducing(): nameFilter produced 3675 samples
2022-09-13 14:47:46,337 INFO o.a.j.r.p.AbstractSampleConsumer: class org.apache.jmeter.report.processor.FilterConsumer#stopProducing(): dateRangeFilter produced 735 samples
2022-09-13 14:47:46,337 INFO o.a.j.r.p.AbstractSampleConsumer: class org.apache.jmeter.report.processor.NormalizerSampleConsumer#stopProducing(): normalizer produced 245 samples
2022-09-13 14:47:46,338 INFO o.a.j.r.p.CsvFileSampleSource: produce(): 245 samples produced in 824ms on channel 0
2022-09-13 14:47:46,338 INFO o.a.j.r.d.ReportGenerator: Exporting data using exporter:'json' of className:'org.apache.jmeter.report.dashboard.JsonExporter'
2022-09-13 14:47:46,520 INFO o.a.j.r.d.JsonExporter: Found data for consumer statisticsSummary in context
2022-09-13 14:47:46,520 INFO o.a.j.r.d.JsonExporter: Creating statistics for overall
2022-09-13 14:47:46,521 INFO o.a.j.r.d.JsonExporter: Creating statistics for other transactions
2022-09-13 14:47:46,522 INFO o.a.j.r.d.JsonExporter: Checking output folder
2022-09-13 14:47:46,523 INFO o.a.j.r.d.JsonExporter: Writing statistics JSON to C:\Users\003HEU744\Desktop\SDET_Jmeter_Assignment\jmeter_html_report\statistics.json
2022-09-13 14:47:46,626 INFO o.a.j.r.d.ReportGenerator: Exporting data using exporter:'html' of className:'org.apache.jmeter.report.dashboard.HtmlTemplateExporter'
2022-09-13 14:47:46,642 INFO o.a.j.r.d.HtmlTemplateExporter: Will generate dashboard in folder: C:\Users\003HEU744\Desktop\SDET_Jmeter_Assignment\jmeter_html_report
2022-09-13 14:47:47,097 INFO o.a.j.r.d.HtmlTemplateExporter: Report will be generated in: C:\Users\003HEU744\Desktop\SDET_Jmeter_Assignment\jmeter_html_report, creating folder structure
2022-09-13 14:47:47,101 INFO o.a.j.r.d.TemplateVisitor: Copying folder from 'C:\Users\003HEU744\Downloads\apache-jmeter-5.5\apache-jmeter-5.5\bin\report-template' to 'C:\Users\003HEU744\Desktop\SDET_Jmeter_Assignment\jmeter_html_report', got message: C:\Users\003HEU744\Desktop\SDET_Jmeter_Assignment\jmeter_html_report, found non empty folder with following content [C:\Users\003HEU744\Desktop\SDET_Jmeter_Assignment\jmeter_html_report\statistics.json], will be ignored
